flutter/build/app/intermediates/manifest_merge_blame_file/debug/manifest-merger-blame-debug-report.txt
1<?xml version="1.0" encoding="utf-8"?>
2<manifest xmlns:android="http://schemas.android.com/apk/res/android"
3    package="com.example.mvc_bolierplate_getx"
4    android:versionCode="1"
5    android:versionName="1.0.0" >
6
7    <uses-sdk
8        android:minSdkVersion="21"
9        android:targetSdkVersion="31" />
10    <!--
11         The INTERNET permission is required for development. Specifically,
12         the Flutter tool needs it to communicate with the running application
13         to allow setting breakpoints, to provide hot reload, etc.
14    -->
15    <uses-permission android:name="android.permission.INTERNET" />
15-->src/debug/AndroidManifest.xml:7:5-66
15-->src/debug/AndroidManifest.xml:7:22-64
16    <uses-permission android:name="android.permission.ACCESS_NETWORK_STATE" />
16-->[:firebase_analytics] AndroidManifest.xml:9:5-79
16-->[:firebase_analytics] AndroidManifest.xml:9:22-76
17    <uses-permission android:name="android.permission.WAKE_LOCK" /> <!-- Permissions options for the `notification` group -->
17-->[:firebase_analytics] AndroidManifest.xml:11:5-68
17-->[:firebase_analytics] AndroidManifest.xml:11:22-65
18    <uses-permission android:name="android.permission.POST_NOTIFICATIONS" />
18-->[:firebase_messaging] AndroidManifest.xml:13:5-77
18-->[:firebase_messaging] AndroidManifest.xml:13:22-74
19    <uses-permission android:name="android.permission.RECEIVE_BOOT_COMPLETED" />
19-->[:awesome_notifications] AndroidManifest.xml:9:5-81
19-->[:awesome_notifications] AndroidManifest.xml:9:22-78
20    <uses-permission android:name="android.permission.VIBRATE" /> <!-- Required by older versions of Google Play services to create IID tokens -->
20-->[:awesome_notifications] AndroidManifest.xml:10:5-66
20-->[:awesome_notifications] AndroidManifest.xml:10:22-63
21    <uses-permission android:name="com.google.android.c2dm.permission.RECEIVE" />
21-->[com.google.firebase:firebase-messaging:23.0.7] AndroidManifest.xml:29:5-82
21-->[com.google.firebase:firebase-messaging:23.0.7] AndroidManifest.xml:29:22-79
22    <uses-permission android:name="com.google.android.gms.permission.AD_ID" />
22-->[com.google.android.gms:play-services-measurement-api:21.1.0] AndroidManifest.xml:25:5-79
22-->[com.google.android.gms:play-services-measurement-api:21.1.0] AndroidManifest.xml:25:22-76
23    <uses-permission android:name="com.google.android.finsky.permission.BIND_GET_INSTALL_REFERRER_SERVICE" /> <!-- for android -->
23-->[com.google.android.gms:play-services-measurement:21.1.0] AndroidManifest.xml:26:5-110
23-->[com.google.android.gms:play-services-measurement:21.1.0] AndroidManifest.xml:26:22-107
24    <!-- <uses-permission android:name="com.android.launcher.permission.READ_SETTINGS"/> -->
25    <!-- <uses-permission android:name="com.android.launcher.permission.WRITE_SETTINGS"/> -->
26    <!-- <uses-permission android:name="com.android.launcher.permission.INSTALL_SHORTCUT" /> -->
27    <!-- <uses-permission android:name="com.android.launcher.permission.UNINSTALL_SHORTCUT" /> -->
28    <!-- for Samsung -->
29    <uses-permission android:name="com.sec.android.provider.badge.permission.READ" />
29-->[me.leolin:ShortcutBadger:1.1.22] AndroidManifest.xml:19:5-86
29-->[me.leolin:ShortcutBadger:1.1.22] AndroidManifest.xml:19:22-83
30    <uses-permission android:name="com.sec.android.provider.badge.permission.WRITE" /> <!-- for htc -->
30-->[me.leolin:ShortcutBadger:1.1.22] AndroidManifest.xml:20:5-87
30-->[me.leolin:ShortcutBadger:1.1.22] AndroidManifest.xml:20:22-84
31    <uses-permission android:name="com.htc.launcher.permission.READ_SETTINGS" />
31-->[me.leolin:ShortcutBadger:1.1.22] AndroidManifest.xml:23:5-81
31-->[me.leolin:ShortcutBadger:1.1.22] AndroidManifest.xml:23:22-78
32    <uses-permission android:name="com.htc.launcher.permission.UPDATE_SHORTCUT" /> <!-- for sony -->
32-->[me.leolin:ShortcutBadger:1.1.22] AndroidManifest.xml:24:5-83
32-->[me.leolin:ShortcutBadger:1.1.22] AndroidManifest.xml:24:22-80
33    <uses-permission android:name="com.sonyericsson.home.permission.BROADCAST_BADGE" />
33-->[me.leolin:ShortcutBadger:1.1.22] AndroidManifest.xml:27:5-88
33-->[me.leolin:ShortcutBadger:1.1.22] AndroidManifest.xml:27:22-85
34    <uses-permission android:name="com.sonymobile.home.permission.PROVIDER_INSERT_BADGE" /> <!-- for apex -->
34-->[me.leolin:ShortcutBadger:1.1.22] AndroidManifest.xml:28:5-92
34-->[me.leolin:ShortcutBadger:1.1.22] AndroidManifest.xml:28:22-89
35    <uses-permission android:name="com.anddoes.launcher.permission.UPDATE_COUNT" /> <!-- for solid -->
35-->[me.leolin:ShortcutBadger:1.1.22] AndroidManifest.xml:31:5-84
35-->[me.leolin:ShortcutBadger:1.1.22] AndroidManifest.xml:31:22-81
36    <uses-permission android:name="com.majeur.launcher.permission.UPDATE_BADGE" /> <!-- for huawei -->
36-->[me.leolin:ShortcutBadger:1.1.22] AndroidManifest.xml:34:5-83
36-->[me.leolin:ShortcutBadger:1.1.22] AndroidManifest.xml:34:22-80
37    <uses-permission android:name="com.huawei.android.launcher.permission.CHANGE_BADGE" />
37-->[me.leolin:ShortcutBadger:1.1.22] AndroidManifest.xml:37:5-91
37-->[me.leolin:ShortcutBadger:1.1.22] AndroidManifest.xml:37:22-88
38    <uses-permission android:name="com.huawei.android.launcher.permission.READ_SETTINGS" />
38-->[me.leolin:ShortcutBadger:1.1.22] AndroidManifest.xml:38:5-92
38-->[me.leolin:ShortcutBadger:1.1.22] AndroidManifest.xml:38:22-89
39    <uses-permission android:name="com.huawei.android.launcher.permission.WRITE_SETTINGS" /> <!-- for ZUK -->
39-->[me.leolin:ShortcutBadger:1.1.22] AndroidManifest.xml:39:5-93
39-->[me.leolin:ShortcutBadger:1.1.22] AndroidManifest.xml:39:22-90
40    <uses-permission android:name="android.permission.READ_APP_BADGE" /> <!-- for OPPO -->
40-->[me.leolin:ShortcutBadger:1.1.22] AndroidManifest.xml:42:5-73
40-->[me.leolin:ShortcutBadger:1.1.22] AndroidManifest.xml:42:22-70
41    <uses-permission android:name="com.oppo.launcher.permission.READ_SETTINGS" />
41-->[me.leolin:ShortcutBadger:1.1.22] AndroidManifest.xml:45:5-82
41-->[me.leolin:ShortcutBadger:1.1.22] AndroidManifest.xml:45:22-79
42    <uses-permission android:name="com.oppo.launcher.permission.WRITE_SETTINGS" /> <!-- for EvMe -->
42-->[me.leolin:ShortcutBadger:1.1.22] AndroidManifest.xml:46:5-83
42-->[me.leolin:ShortcutBadger:1.1.22] AndroidManifest.xml:46:22-80
43    <uses-permission android:name="me.everything.badger.permission.BADGE_COUNT_READ" />
43-->[me.leolin:ShortcutBadger:1.1.22] AndroidManifest.xml:49:5-88
43-->[me.leolin:ShortcutBadger:1.1.22] AndroidManifest.xml:49:22-85
44    <uses-permission android:name="me.everything.badger.permission.BADGE_COUNT_WRITE" />
44-->[me.leolin:ShortcutBadger:1.1.22] AndroidManifest.xml:50:5-89
44-->[me.leolin:ShortcutBadger:1.1.22] AndroidManifest.xml:50:22-86
45
46    <application
47        android:name="android.app.Application"
48        android:appComponentFactory="androidx.core.app.CoreComponentFactory"
48-->[androidx.core:core:1.7.0] AndroidManifest.xml:24:18-86
49        android:debuggable="true"
50        android:icon="@mipmap/ic_launcher"
51        android:label="mvc_bolierplate_getx"
52        android:supportsRtl="true" >
52-->[com.facebook.android:facebook-login:14.1.0] AndroidManifest.xml:28:18-44
53        <activity
54            android:name="com.example.mvc_bolierplate_getx.MainActivity"
55            android:configChanges="orientation|keyboardHidden|keyboard|screenSize|smallestScreenSize|locale|layoutDirection|fontScale|screenLayout|density|uiMode"
56            android:exported="true"
57            android:hardwareAccelerated="true"
58            android:launchMode="singleTop"
59            android:theme="@style/LaunchTheme"
60            android:windowSoftInputMode="adjustResize" >
61
62            <!--
63                 Specifies an Android theme to apply to this Activity as soon as
64                 the Android process has started. This theme is visible to the user
65                 while the Flutter UI initializes. After that, this theme continues
66                 to determine the Window background behind the Flutter UI.
67            -->
68            <meta-data
69                android:name="io.flutter.embedding.android.NormalTheme"
70                android:resource="@style/NormalTheme" />
71
72            <intent-filter>
73                <action android:name="android.intent.action.MAIN" />
74
75                <category android:name="android.intent.category.LAUNCHER" />
76            </intent-filter>
77        </activity>
78        <!--
79             Don't delete the meta-data below.
80             This is used by the Flutter tool to generate GeneratedPluginRegistrant.java
81        -->
82        <meta-data
83            android:name="flutterEmbedding"
84            android:value="2" />
85
86        <service
86-->[:firebase_crashlytics] AndroidManifest.xml:10:9-14:19
87            android:name="com.google.firebase.components.ComponentDiscoveryService"
87-->[:firebase_crashlytics] AndroidManifest.xml:10:18-89
88            android:directBootAware="true"
88-->[com.google.firebase:firebase-common:20.1.1] AndroidManifest.xml:35:13-43
89            android:exported="false" >
89-->[com.google.firebase:firebase-crashlytics:18.2.12] AndroidManifest.xml:17:13-37
90            <meta-data
90-->[:firebase_crashlytics] AndroidManifest.xml:11:13-13:85
91                android:name="com.google.firebase.components:io.flutter.plugins.firebase.crashlytics.FlutterFirebaseAppRegistrar"
91-->[:firebase_crashlytics] AndroidManifest.xml:12:17-130
92                android:value="com.google.firebase.components.ComponentRegistrar" />
92-->[:firebase_crashlytics] AndroidManifest.xml:13:17-82
93            <meta-data
93-->[:firebase_analytics] AndroidManifest.xml:15:13-17:85
94                android:name="com.google.firebase.components:io.flutter.plugins.firebase.analytics.FlutterFirebaseAppRegistrar"
94-->[:firebase_analytics] AndroidManifest.xml:16:17-128
95                android:value="com.google.firebase.components.ComponentRegistrar" />
95-->[:firebase_analytics] AndroidManifest.xml:17:17-82
96            <meta-data
96-->[:firebase_remote_config] AndroidManifest.xml:11:13-13:85
97                android:name="com.google.firebase.components:io.flutter.plugins.firebase.firebaseremoteconfig.FlutterFirebaseAppRegistrar"
97-->[:firebase_remote_config] AndroidManifest.xml:12:17-139
98                android:value="com.google.firebase.components.ComponentRegistrar" />
98-->[:firebase_remote_config] AndroidManifest.xml:13:17-82
99            <meta-data
99-->[:firebase_messaging] AndroidManifest.xml:38:13-40:85
100                android:name="com.google.firebase.components:io.flutter.plugins.firebase.messaging.FlutterFirebaseAppRegistrar"
100-->[:firebase_messaging] AndroidManifest.xml:39:17-128
101                android:value="com.google.firebase.components.ComponentRegistrar" />
101-->[:firebase_messaging] AndroidManifest.xml:40:17-82
102            <meta-data
102-->[:firebase_core] AndroidManifest.xml:11:13-13:85
103                android:name="com.google.firebase.components:io.flutter.plugins.firebase.core.FlutterFirebaseCoreRegistrar"
103-->[:firebase_core] AndroidManifest.xml:12:17-124
104                android:value="com.google.firebase.components.ComponentRegistrar" />
104-->[:firebase_core] AndroidManifest.xml:13:17-82
105            <meta-data
105-->[com.google.firebase:firebase-crashlytics:18.2.12] AndroidManifest.xml:18:13-20:85
106                android:name="com.google.firebase.components:com.google.firebase.crashlytics.CrashlyticsRegistrar"
106-->[com.google.firebase:firebase-crashlytics:18.2.12] AndroidManifest.xml:19:17-115
107                android:value="com.google.firebase.components.ComponentRegistrar" />
107-->[com.google.firebase:firebase-crashlytics:18.2.12] AndroidManifest.xml:20:17-82
108            <meta-data
108-->[com.google.firebase:firebase-messaging:23.0.7] AndroidManifest.xml:56:13-58:85
109                android:name="com.google.firebase.components:com.google.firebase.messaging.FirebaseMessagingRegistrar"
109-->[com.google.firebase:firebase-messaging:23.0.7] AndroidManifest.xml:57:17-119
110                android:value="com.google.firebase.components.ComponentRegistrar" />
110-->[com.google.firebase:firebase-messaging:23.0.7] AndroidManifest.xml:58:17-82
111            <meta-data
111-->[com.google.firebase:firebase-datatransport:18.1.5] AndroidManifest.xml:28:13-30:85
112                android:name="com.google.firebase.components:com.google.firebase.datatransport.TransportRegistrar"
112-->[com.google.firebase:firebase-datatransport:18.1.5] AndroidManifest.xml:29:17-115
113                android:value="com.google.firebase.components.ComponentRegistrar" />
113-->[com.google.firebase:firebase-datatransport:18.1.5] AndroidManifest.xml:30:17-82
114            <meta-data
114-->[com.google.firebase:firebase-config:21.1.1] AndroidManifest.xml:32:13-34:85
115                android:name="com.google.firebase.components:com.google.firebase.remoteconfig.RemoteConfigRegistrar"
115-->[com.google.firebase:firebase-config:21.1.1] AndroidManifest.xml:33:17-117
116                android:value="com.google.firebase.components.ComponentRegistrar" />
116-->[com.google.firebase:firebase-config:21.1.1] AndroidManifest.xml:34:17-82
117            <meta-data
117-->[com.google.android.gms:play-services-measurement-api:21.1.0] AndroidManifest.xml:31:13-33:85
118                android:name="com.google.firebase.components:com.google.firebase.analytics.connector.internal.AnalyticsConnectorRegistrar"
118-->[com.google.android.gms:play-services-measurement-api:21.1.0] AndroidManifest.xml:32:17-139
119                android:value="com.google.firebase.components.ComponentRegistrar" />
119-->[com.google.android.gms:play-services-measurement-api:21.1.0] AndroidManifest.xml:33:17-82
120            <meta-data
120-->[com.google.firebase:firebase-installations:17.0.1] AndroidManifest.xml:18:13-20:85
121                android:name="com.google.firebase.components:com.google.firebase.installations.FirebaseInstallationsRegistrar"
121-->[com.google.firebase:firebase-installations:17.0.1] AndroidManifest.xml:19:17-127
122                android:value="com.google.firebase.components.ComponentRegistrar" />
122-->[com.google.firebase:firebase-installations:17.0.1] AndroidManifest.xml:20:17-82
123            <meta-data
123-->[com.google.firebase:firebase-abt:21.0.1] AndroidManifest.xml:13:13-15:85
124                android:name="com.google.firebase.components:com.google.firebase.abt.component.AbtRegistrar"
124-->[com.google.firebase:firebase-abt:21.0.1] AndroidManifest.xml:14:17-109
125                android:value="com.google.firebase.components.ComponentRegistrar" />
125-->[com.google.firebase:firebase-abt:21.0.1] AndroidManifest.xml:15:17-82
126        </service>
127        <service
127-->[:firebase_messaging] AndroidManifest.xml:16:9-19:72
128            android:name="io.flutter.plugins.firebase.messaging.FlutterFirebaseMessagingBackgroundService"
128-->[:firebase_messaging] AndroidManifest.xml:17:13-107
129            android:exported="false"
129-->[:firebase_messaging] AndroidManifest.xml:18:13-37
130            android:permission="android.permission.BIND_JOB_SERVICE" />
130-->[:firebase_messaging] AndroidManifest.xml:19:13-69
131        <service
131-->[:firebase_messaging] AndroidManifest.xml:20:9-26:19
132            android:name="io.flutter.plugins.firebase.messaging.FlutterFirebaseMessagingService"
132-->[:firebase_messaging] AndroidManifest.xml:21:13-97
133            android:exported="false" >
133-->[:firebase_messaging] AndroidManifest.xml:22:13-37
134            <intent-filter>
134-->[:firebase_messaging] AndroidManifest.xml:23:13-25:29
135                <action android:name="com.google.firebase.MESSAGING_EVENT" />
135-->[:firebase_messaging] AndroidManifest.xml:24:17-78
135-->[:firebase_messaging] AndroidManifest.xml:24:25-75
136            </intent-filter>
137        </service>
138
139        <receiver
139-->[:firebase_messaging] AndroidManifest.xml:28:9-35:20
140            android:name="io.flutter.plugins.firebase.messaging.FlutterFirebaseMessagingReceiver"
140-->[:firebase_messaging] AndroidManifest.xml:29:13-98
141            android:exported="true"
141-->[:firebase_messaging] AndroidManifest.xml:30:13-36
142            android:permission="com.google.android.c2dm.permission.SEND" >
142-->[:firebase_messaging] AndroidManifest.xml:31:13-73
143            <intent-filter>
143-->[:firebase_messaging] AndroidManifest.xml:32:13-34:29
144                <action android:name="com.google.android.c2dm.intent.RECEIVE" />
144-->[:firebase_messaging] AndroidManifest.xml:33:17-81
144-->[:firebase_messaging] AndroidManifest.xml:33:25-78
145            </intent-filter>
146        </receiver>
147
148        <provider
148-->[:firebase_messaging] AndroidManifest.xml:43:9-47:38
149            android:name="io.flutter.plugins.firebase.messaging.FlutterFirebaseMessagingInitProvider"
149-->[:firebase_messaging] AndroidManifest.xml:44:13-102
150            android:authorities="com.example.mvc_bolierplate_getx.flutterfirebasemessaginginitprovider"
150-->[:firebase_messaging] AndroidManifest.xml:45:13-88
151            android:exported="false"
151-->[:firebase_messaging] AndroidManifest.xml:46:13-37
152            android:initOrder="99" />
152-->[:firebase_messaging] AndroidManifest.xml:47:13-35
153
154        <receiver
154-->[:awesome_notifications] AndroidManifest.xml:13:9-15:40
155            android:name="me.carda.awesome_notifications.notifications.broadcastReceivers.DismissedNotificationReceiver"
155-->[:awesome_notifications] AndroidManifest.xml:14:13-121
156            android:exported="false" />
156-->[:awesome_notifications] AndroidManifest.xml:15:13-37
157        <receiver
157-->[:awesome_notifications] AndroidManifest.xml:16:9-18:40
158            android:name="me.carda.awesome_notifications.notifications.broadcastReceivers.ScheduledNotificationReceiver"
158-->[:awesome_notifications] AndroidManifest.xml:17:13-121
159            android:exported="false" />
159-->[:awesome_notifications] AndroidManifest.xml:18:13-37
160        <receiver
160-->[:awesome_notifications] AndroidManifest.xml:19:9-21:40
161            android:name="me.carda.awesome_notifications.notifications.broadcastReceivers.KeepOnTopActionReceiver"
161-->[:awesome_notifications] AndroidManifest.xml:20:13-115
162            android:exported="false" />
162-->[:awesome_notifications] AndroidManifest.xml:21:13-37
163        <receiver
163-->[:awesome_notifications] AndroidManifest.xml:22:9-35:20
164            android:name="me.carda.awesome_notifications.notifications.broadcastReceivers.RefreshSchedulesReceiver"
164-->[:awesome_notifications] AndroidManifest.xml:23:13-116
165            android:exported="false" >
165-->[:awesome_notifications] AndroidManifest.xml:24:13-37
166            <intent-filter>
166-->[:awesome_notifications] AndroidManifest.xml:25:13-34:29
167                <category android:name="android.intent.category.DEFAULT" />
167-->[:awesome_notifications] AndroidManifest.xml:26:17-76
167-->[:awesome_notifications] AndroidManifest.xml:26:27-73
168
169                <action android:name="android.intent.action.BOOT_COMPLETED" />
169-->[:awesome_notifications] AndroidManifest.xml:28:17-79
169-->[:awesome_notifications] AndroidManifest.xml:28:25-76
170                <action android:name="android.intent.action.LOCKED_BOOT_COMPLETED" />
170-->[:awesome_notifications] AndroidManifest.xml:29:17-86
170-->[:awesome_notifications] AndroidManifest.xml:29:25-83
171                <action android:name="android.intent.action.MY_PACKAGE_REPLACED" />
171-->[:awesome_notifications] AndroidManifest.xml:30:17-84
171-->[:awesome_notifications] AndroidManifest.xml:30:25-81
172                <action android:name="android.intent.action.QUICKBOOT_POWERON" />
172-->[:awesome_notifications] AndroidManifest.xml:31:17-82
172-->[:awesome_notifications] AndroidManifest.xml:31:25-79
173                <action android:name="com.htc.intent.action.QUICKBOOT_POWERON" />
173-->[:awesome_notifications] AndroidManifest.xml:32:17-82
173-->[:awesome_notifications] AndroidManifest.xml:32:25-79
174                <action android:name="android.app.action.SCHEDULE_EXACT_ALARM_PERMISSION_STATE_CHANGED" />
174-->[:awesome_notifications] AndroidManifest.xml:33:17-107
174-->[:awesome_notifications] AndroidManifest.xml:33:25-104
175            </intent-filter>
176        </receiver>
177
178        <activity
178-->[:url_launcher_android] AndroidManifest.xml:10:9-13:74
179            android:name="io.flutter.plugins.urllauncher.WebViewActivity"
179-->[:url_launcher_android] AndroidManifest.xml:11:13-74
180            android:exported="false"
180-->[:url_launcher_android] AndroidManifest.xml:12:13-37
181            android:theme="@android:style/Theme.NoTitleBar.Fullscreen" />
181-->[:url_launcher_android] AndroidManifest.xml:13:13-71
182
183        <uses-library
183-->[androidx.window:window:1.0.0-beta04] AndroidManifest.xml:25:9-27:40
184            android:name="androidx.window.extensions"
184-->[androidx.window:window:1.0.0-beta04] AndroidManifest.xml:26:13-54
185            android:required="false" />
185-->[androidx.window:window:1.0.0-beta04] AndroidManifest.xml:27:13-37
186        <uses-library
186-->[androidx.window:window:1.0.0-beta04] AndroidManifest.xml:28:9-30:40
187            android:name="androidx.window.sidecar"
187-->[androidx.window:window:1.0.0-beta04] AndroidManifest.xml:29:13-51
188            android:required="false" />
188-->[androidx.window:window:1.0.0-beta04] AndroidManifest.xml:30:13-37
189
190        <receiver
190-->[com.google.firebase:firebase-messaging:23.0.7] AndroidManifest.xml:32:9-39:20
191            android:name="com.google.firebase.iid.FirebaseInstanceIdReceiver"
191-->[com.google.firebase:firebase-messaging:23.0.7] AndroidManifest.xml:33:13-78
192            android:exported="true"
192-->[com.google.firebase:firebase-messaging:23.0.7] AndroidManifest.xml:34:13-36
193            android:permission="com.google.android.c2dm.permission.SEND" >
193-->[com.google.firebase:firebase-messaging:23.0.7] AndroidManifest.xml:35:13-73
194            <intent-filter>
194-->[:firebase_messaging] AndroidManifest.xml:32:13-34:29
195                <action android:name="com.google.android.c2dm.intent.RECEIVE" />
195-->[:firebase_messaging] AndroidManifest.xml:33:17-81
195-->[:firebase_messaging] AndroidManifest.xml:33:25-78
196            </intent-filter>
197        </receiver>
198        <!--
199             FirebaseMessagingService performs security checks at runtime,
200             but set to not exported to explicitly avoid allowing another app to call it.
201        -->
202        <service
202-->[com.google.firebase:firebase-messaging:23.0.7] AndroidManifest.xml:45:9-52:19
203            android:name="com.google.firebase.messaging.FirebaseMessagingService"
203-->[com.google.firebase:firebase-messaging:23.0.7] AndroidManifest.xml:46:13-82
204            android:directBootAware="true"
204-->[com.google.firebase:firebase-messaging:23.0.7] AndroidManifest.xml:47:13-43
205            android:exported="false" >
205-->[com.google.firebase:firebase-messaging:23.0.7] AndroidManifest.xml:48:13-37
206            <intent-filter android:priority="-500" >
206-->[:firebase_messaging] AndroidManifest.xml:23:13-25:29
207                <action android:name="com.google.firebase.MESSAGING_EVENT" />
207-->[:firebase_messaging] AndroidManifest.xml:24:17-78
207-->[:firebase_messaging] AndroidManifest.xml:24:25-75
208            </intent-filter>
209        </service>
210        <service
210-->[com.google.android.datatransport:transport-backend-cct:3.1.7] AndroidManifest.xml:29:9-35:19
211            android:name="com.google.android.datatransport.runtime.backends.TransportBackendDiscovery"
211-->[com.google.android.datatransport:transport-backend-cct:3.1.7] AndroidManifest.xml:30:13-103
212            android:exported="false" >
212-->[com.google.android.datatransport:transport-backend-cct:3.1.7] AndroidManifest.xml:31:13-37
213            <meta-data
213-->[com.google.android.datatransport:transport-backend-cct:3.1.7] AndroidManifest.xml:32:13-34:39
214                android:name="backend:com.google.android.datatransport.cct.CctBackendFactory"
214-->[com.google.android.datatransport:transport-backend-cct:3.1.7] AndroidManifest.xml:33:17-94
215                android:value="cct" />
215-->[com.google.android.datatransport:transport-backend-cct:3.1.7] AndroidManifest.xml:34:17-36
216        </service>
217        <service
217-->[com.google.android.datatransport:transport-runtime:3.1.7] AndroidManifest.xml:26:9-30:19
218            android:name="com.google.android.datatransport.runtime.scheduling.jobscheduling.JobInfoSchedulerService"
218-->[com.google.android.datatransport:transport-runtime:3.1.7] AndroidManifest.xml:27:13-117
219            android:exported="false"
219-->[com.google.android.datatransport:transport-runtime:3.1.7] AndroidManifest.xml:28:13-37
220            android:permission="android.permission.BIND_JOB_SERVICE" >
220-->[com.google.android.datatransport:transport-runtime:3.1.7] AndroidManifest.xml:29:13-69
221        </service>
222
223        <receiver
223-->[com.google.android.datatransport:transport-runtime:3.1.7] AndroidManifest.xml:32:9-34:40
224            android:name="com.google.android.datatransport.runtime.scheduling.jobscheduling.AlarmManagerSchedulerBroadcastReceiver"
224-->[com.google.android.datatransport:transport-runtime:3.1.7] AndroidManifest.xml:33:13-132
225            android:exported="false" />
225-->[com.google.android.datatransport:transport-runtime:3.1.7] AndroidManifest.xml:34:13-37
226
227        <provider
227-->[com.google.firebase:firebase-common:20.1.1] AndroidManifest.xml:26:9-31:39
228            android:name="com.google.firebase.provider.FirebaseInitProvider"
228-->[com.google.firebase:firebase-common:20.1.1] AndroidManifest.xml:27:13-77
229            android:authorities="com.example.mvc_bolierplate_getx.firebaseinitprovider"
229-->[com.google.firebase:firebase-common:20.1.1] AndroidManifest.xml:28:13-72
230            android:directBootAware="true"
230-->[com.google.firebase:firebase-common:20.1.1] AndroidManifest.xml:29:13-43
231            android:exported="false"
231-->[com.google.firebase:firebase-common:20.1.1] AndroidManifest.xml:30:13-37
232            android:initOrder="100" />
232-->[com.google.firebase:firebase-common:20.1.1] AndroidManifest.xml:31:13-36
233
234        <activity
234-->[com.facebook.android:facebook-common:14.1.0] AndroidManifest.xml:30:9-33:66
235            android:name="com.facebook.FacebookActivity"
235-->[com.facebook.android:facebook-common:14.1.0] AndroidManifest.xml:31:13-57
236            android:configChanges="keyboard|keyboardHidden|screenLayout|screenSize|orientation"
236-->[com.facebook.android:facebook-common:14.1.0] AndroidManifest.xml:32:13-96
237            android:theme="@style/com_facebook_activity_theme" />
237-->[com.facebook.android:facebook-common:14.1.0] AndroidManifest.xml:33:13-63
238        <activity android:name="com.facebook.CustomTabMainActivity" />
238-->[com.facebook.android:facebook-common:14.1.0] AndroidManifest.xml:34:9-71
238-->[com.facebook.android:facebook-common:14.1.0] AndroidManifest.xml:34:19-68
239        <activity
239-->[com.facebook.android:facebook-common:14.1.0] AndroidManifest.xml:35:9-49:20
240            android:name="com.facebook.CustomTabActivity"
240-->[com.facebook.android:facebook-common:14.1.0] AndroidManifest.xml:36:13-58
241            android:exported="true" >
241-->[com.facebook.android:facebook-common:14.1.0] AndroidManifest.xml:37:13-36
242            <intent-filter>
242-->[com.facebook.android:facebook-common:14.1.0] AndroidManifest.xml:39:13-48:29
243                <action android:name="android.intent.action.VIEW" />
243-->[com.facebook.android:facebook-common:14.1.0] AndroidManifest.xml:40:17-69
243-->[com.facebook.android:facebook-common:14.1.0] AndroidManifest.xml:40:25-66
244
245                <category android:name="android.intent.category.DEFAULT" />
245-->[:awesome_notifications] AndroidManifest.xml:26:17-76
245-->[:awesome_notifications] AndroidManifest.xml:26:27-73
246                <category android:name="android.intent.category.BROWSABLE" />
246-->[com.facebook.android:facebook-common:14.1.0] AndroidManifest.xml:43:17-78
246-->[com.facebook.android:facebook-common:14.1.0] AndroidManifest.xml:43:27-75
247
248                <data
248-->[com.facebook.android:facebook-common:14.1.0] AndroidManifest.xml:45:17-47:50
249                    android:host="cct.com.example.mvc_bolierplate_getx"
249-->[com.facebook.android:facebook-common:14.1.0] AndroidManifest.xml:46:21-56
250                    android:scheme="fbconnect" />
250-->[com.facebook.android:facebook-common:14.1.0] AndroidManifest.xml:47:21-47
251            </intent-filter>
252        </activity>
253        <activity
253-->[com.google.android.gms:play-services-auth:20.0.1] AndroidManifest.xml:23:9-27:75
254            android:name="com.google.android.gms.auth.api.signin.internal.SignInHubActivity"
254-->[com.google.android.gms:play-services-auth:20.0.1] AndroidManifest.xml:24:13-93
255            android:excludeFromRecents="true"
255-->[com.google.android.gms:play-services-auth:20.0.1] AndroidManifest.xml:25:13-46
256            android:exported="false"
256-->[com.google.android.gms:play-services-auth:20.0.1] AndroidManifest.xml:26:13-37
257            android:theme="@android:style/Theme.Translucent.NoTitleBar" />
257-->[com.google.android.gms:play-services-auth:20.0.1] AndroidManifest.xml:27:13-72
258        <!--
259            Service handling Google Sign-In user revocation. For apps that do not integrate with
260            Google Sign-In, this service will never be started.
261        -->
262        <service
262-->[com.google.android.gms:play-services-auth:20.0.1] AndroidManifest.xml:33:9-37:51